<?xml version="1.0" encoding="UTF-8"?>
<testng-results skipped="0" failed="0" total="1" passed="1">
  <reporter-output>
  </reporter-output>
  <suite name="Default suite" duration-ms="22983" started-at="2020-08-14T10:47:43Z" finished-at="2020-08-14T10:48:06Z">
    <groups>
    </groups>
    <test name="Default test" duration-ms="22983" started-at="2020-08-14T10:47:43Z" finished-at="2020-08-14T10:48:06Z">
      <class name="gitTestP.GitTestCls">
        <test-method status="PASS" signature="loginTest()[pri:0, instance:gitTestP.GitTestCls@4ec6a292]" name="loginTest" duration-ms="22933" started-at="2020-08-14T16:17:43Z" finished-at="2020-08-14T16:18:06Z">
          <reporter-output>
          </reporter-output>
        </test-method> <!-- loginTest -->
      </class> <!-- gitTestP.GitTestCls -->
    </test> <!-- Default test -->
  </suite> <!-- Default suite -->
</testng-results>
